============================= test session starts ==============================
platform linux -- Python 3.12.13, pytest-9.1.1, pluggy-1.6.0 -- /opt/hostedtoolcache/Python/3.12.13/x64/bin/python
cachedir: .pytest_cache
rootdir: /home/runner/work/survivor-ligamx-bot/survivor-ligamx-bot
configfile: pyproject.toml
plugins: cov-7.1.0, anyio-4.14.2, mock-3.15.1
collecting ... collected 689 items

tests/test_ajuste_pronostico.py::TestFactorLineup::test_deficit_con_tope PASSED [  0%]
tests/test_ajuste_pronostico.py::TestFactorLineup::test_deficit_pequeno PASSED [  0%]
tests/test_ajuste_pronostico.py::TestFactorLineup::test_none_sin_recorte PASSED [  0%]
tests/test_ajuste_pronostico.py::TestFactorLineup::test_xi_completo_sin_recorte PASSED [  0%]
tests/test_ajuste_pronostico.py::TestSinSenales::test_sin_impacto_ni_h2h_no_ajusta PASSED [  0%]
tests/test_ajuste_pronostico.py::TestSinSenales::test_xi_no_disponible_no_ajusta PASSED [  0%]
tests/test_ajuste_pronostico.py::TestAjusteLineup::test_ajuste_acotado_no_voltea PASSED [  1%]
tests/test_ajuste_pronostico.py::TestAjusteLineup::test_favorito_debilitado_baja_su_prob PASSED [  1%]
tests/test_ajuste_pronostico.py::TestAjusteH2H::test_bestia_negra_baja_al_favorito PASSED [  1%]
tests/test_ajuste_pronostico.py::TestAjusteH2H::test_dominio_local_empuja PASSED [  1%]
tests/test_ajuste_pronostico.py::TestAjusteH2H::test_muestra_insuficiente_no_ajusta PASSED [  1%]
tests/test_altitud.py::TestFactorAltitud::test_equipo_desconocido_sin_factor PASSED [  1%]
tests/test_altitud.py::TestFactorAltitud::test_gran_diferencia_da_factor_positivo PASSED [  1%]
tests/test_altitud.py::TestFactorAltitud::test_misma_altura_sin_factor PASSED [  2%]
tests/test_altitud.py::TestFactorAltitud::test_visitante_de_altura_no_boost PASSED [  2%]
tests/test_altitud.py::TestAplicarAltitud::test_sin_aplicar_no_cambia PASSED [  2%]
tests/test_altitud.py::TestAplicarAltitud::test_sube_prob_local_cuando_aplica PASSED [  2%]
tests/test_analisis_riesgo.py::TestHelpers::test_bucket_confianza PASSED [  2%]
tests/test_analisis_riesgo.py::TestHelpers::test_labels_arranque_detecta_dos_torneos PASSED [  2%]
tests/test_analisis_riesgo.py::TestHelpers::test_outcome_favorito_empate PASSED [  2%]
tests/test_analisis_riesgo.py::TestHelpers::test_outcome_favorito_local PASSED [  3%]
tests/test_analisis_riesgo.py::TestHelpers::test_outcome_sin_marcador PASSED [  3%]
tests/test_analisis_riesgo.py::TestHelpers::test_tasas_vacias_y_llenas PASSED [  3%]
tests/test_analisis_riesgo.py::TestAnalisis::test_estructura PASSED      [  3%]
tests/test_analisis_riesgo.py::TestAnalisis::test_favorito_fuerte_gana PASSED [  3%]
tests/test_analisis_riesgo.py::TestAnalisis::test_recomendaciones_no_vacias PASSED [  3%]
tests/test_analista_ia.py::TestHabilitado::test_con_key_encendido PASSED [  3%]
tests/test_analista_ia.py::TestHabilitado::test_enabled_false_fuerza_apagado PASSED [  4%]
tests/test_analista_ia.py::TestHabilitado::test_lee_key_primary_backup PASSED [  4%]
tests/test_analista_ia.py::TestHabilitado::test_sin_key_apagado PASSED   [  4%]
tests/test_analista_ia.py::TestAnalizar::test_desactivado_sin_key PASSED [  4%]
tests/test_analista_ia.py::TestAnalizar::test_excepcion_tolerante PASSED [  4%]
tests/test_analista_ia.py::TestAnalizar::test_extrae_riesgos PASSED      [  4%]
tests/test_analista_ia.py::TestAnalizar::test_http_error_tolerante PASSED [  4%]
tests/test_analista_ia.py::TestAnalizar::test_sin_noticias PASSED        [  5%]
tests/test_analista_ia.py::TestAnalizar::test_sin_senales PASSED         [  5%]
tests/test_analista_resultados.py::test_parseo_fecha_y_partido_jugado PASSED [  5%]
tests/test_analista_resultados.py::test_extraer_y_formatear_eventos_espn PASSED [  5%]
tests/test_analista_resultados.py::test_obtener_partidos_espn_deduplica_y_normaliza PASSED [  5%]
tests/test_analista_resultados.py::test_obtener_partidos_ligamx_y_combinar_fuentes PASSED [  5%]
tests/test_analista_resultados.py::test_obtener_detalle_partido_usa_365_y_cache PASSED [  5%]
tests/test_analista_resultados.py::test_senales_con_visitante_y_roja PASSED [  6%]
tests/test_analista_resultados.py::test_conclusion_ia_hace_fallback_descriptivo PASSED [  6%]
tests/test_analista_resultados.py::test_procesar_partido_con_fallback_fuerte PASSED [  6%]
tests/test_analista_resultados.py::test_analizar_jornada_construye_resumen_y_tabla PASSED [  6%]
tests/test_analista_resultados.py::test_analizar_jornada_sin_partidos PASSED [  6%]
tests/test_api.py::TestApi::test_health_ok PASSED                        [  6%]
tests/test_api.py::TestApi::test_stats_con_key PASSED                    [  6%]
tests/test_api.py::TestApi::test_stats_sin_key_403 PASSED                [  7%]
tests/test_api.py::TestApi::test_usados_get_publico PASSED               [  7%]
tests/test_api.py::TestApi::test_usados_post_con_key PASSED              [  7%]
tests/test_api.py::TestApi::test_usados_post_sin_equipo_400 PASSED       [  7%]
tests/test_api.py::TestApi::test_usados_post_sin_key_403 PASSED          [  7%]
tests/test_api.py::TestApi::test_webhook_dueno_responde PASSED           [  7%]
tests/test_api.py::TestApi::test_webhook_otro_chat_no_actua PASSED       [  7%]
tests/test_api.py::TestApi::test_webhook_secreto_invalido_403 PASSED     [  8%]
tests/test_api.py::TestAuth::test_api_key_invalida_devuelve_403 PASSED   [  8%]
tests/test_api.py::TestAuth::test_api_key_no_configurada_devuelve_503 PASSED [  8%]
tests/test_api.py::TestAuth::test_healthcheck_db_fallando_muestra_degradado PASSED [  8%]
tests/test_api.py::TestAuth::test_healthcheck_devuelve_dependencias PASSED [  8%]
tests/test_api.py::TestAuth::test_healthcheck_espn_5xx_muestra_degradado PASSED [  8%]
tests/test_api.py::TestAuth::test_healthcheck_espn_fallando_muestra_degradado PASSED [  8%]
tests/test_api.py::TestAuth::test_healthcheck_espn_timeout_muestra_degradado PASSED [  9%]
tests/test_api.py::TestAuth::test_healthcheck_ligamxapi_5xx_muestra_degradado PASSED [  9%]
tests/test_api_critical.py::test_root_redirige_al_dashboard_sin_cache PASSED [  9%]
tests/test_api_critical.py::test_dashboard_entrega_html_con_headers_de_seguridad PASSED [  9%]
tests/test_api_critical.py::test_dashboard_entrega_solo_assets_permitidos[app.css-text/css-:root] PASSED [  9%]
tests/test_api_critical.py::test_dashboard_entrega_solo_assets_permitidos[app.js-application/javascript-"use strict"] PASSED [  9%]
tests/test_api_critical.py::test_dashboard_rechaza_asset_no_permitido PASSED [ 10%]
tests/test_api_critical.py::test_alerts_pronosticos_usa_clave_diaria_determinista PASSED [ 10%]
tests/test_api_critical.py::test_alerts_momios_silencioso_usa_clave_diaria PASSED [ 10%]
tests/test_api_critical.py::test_alerts_high_ev_delega_y_marca_deprecacion PASSED [ 10%]
tests/test_api_critical.py::test_webhook_falla_cerrado_sin_chat_id PASSED [ 10%]
tests/test_api_critical.py::test_webhook_reporta_fallo_real_de_envio_en_comando_ligero PASSED [ 10%]
tests/test_api_critical.py::test_health_marca_telegram_deshabilitado_en_local PASSED [ 10%]
tests/test_api_critical.py::test_health_marca_telegram_ok_con_configuracion_local PASSED [ 11%]
tests/test_api_critical.py::test_health_marca_telegram_sincronizando_en_render PASSED [ 11%]
tests/test_api_critical.py::test_health_marca_error_de_telegram_en_render PASSED [ 11%]
tests/test_api_critical.py::test_health_captura_excepcion_al_leer_configuracion_telegram PASSED [ 11%]
tests/test_api_extra.py::TestApiExtra::test_equipo_calendario_inexistente_404 PASSED [ 11%]
tests/test_api_extra.py::TestApiExtra::test_get_index PASSED             [ 11%]
tests/test_api_extra.py::TestApiExtra::test_webhook_all_commands PASSED  [ 11%]
tests/test_api_extra.py::TestApiExtra::test_webhook_invalid_secret PASSED [ 12%]
tests/test_api_extra.py::TestApiExtra::test_webhook_secret_fail_closed_production PASSED [ 12%]
tests/test_api_extra.py::TestDatabasePool::test_get_db_sqlite_creation PASSED [ 12%]
tests/test_api_extra.py::TestDatabasePool::test_get_pool_returns_none_when_import_fails PASSED [ 12%]
tests/test_api_ligamx.py::TestApiLigaMX::test_equipo_detalle PASSED      [ 12%]
tests/test_api_ligamx.py::TestApiLigaMX::test_equipo_no_encontrado PASSED [ 12%]
tests/test_api_ligamx.py::TestApiLigaMX::test_equipos PASSED             [ 12%]
tests/test_api_ligamx.py::TestApiLigaMX::test_h2h_equipo_inexistente PASSED [ 13%]
tests/test_api_ligamx.py::TestApiLigaMX::test_h2h_mismo_equipo PASSED    [ 13%]
tests/test_api_ligamx.py::TestApiLigaMX::test_indice PASSED              [ 13%]
tests/test_archivar_momios.py::TestConstruirSnapshots::test_arma_snapshot_con_nombres_y_momios PASSED [ 13%]
tests/test_archivar_momios.py::TestConstruirSnapshots::test_sin_momios_lista_vacia PASSED [ 13%]
tests/test_archivar_momios.py::TestArchivarMomios::test_error_de_red_no_rompe PASSED [ 13%]
tests/test_archivar_momios.py::TestArchivarMomios::test_postea_con_key PASSED [ 13%]
tests/test_archivar_momios.py::TestArchivarMomios::test_sin_key_no_op PASSED [ 14%]
tests/test_assisted_odds_import.py::TestMomioAmericano::test_invalidos PASSED [ 14%]
tests/test_assisted_odds_import.py::TestMomioAmericano::test_validos PASSED [ 14%]
tests/test_assisted_odds_import.py::TestParser9Partidos::test_campos_extraidos PASSED [ 14%]
tests/test_assisted_odds_import.py::TestParser9Partidos::test_detecta_nueve PASSED [ 14%]
tests/test_assisted_odds_import.py::TestParser9Partidos::test_equipos_multipalabra PASSED [ 14%]
tests/test_assisted_odds_import.py::TestParser9Partidos::test_singleline_formato_detectado PASSED [ 14%]
tests/test_assisted_odds_import.py::TestNoMezclaBloqueGigante::test_no_mezcla_pares PASSED [ 15%]
tests/test_assisted_odds_import.py::TestNoMezclaBloqueGigante::test_no_se_traga_otro_partido_en_visitante PASSED [ 15%]
tests/test_assisted_odds_import.py::TestParserMultiline1Partido::test_campos_multiline PASSED [ 15%]
tests/test_assisted_odds_import.py::TestParserMultiline1Partido::test_detecta_un_partido PASSED [ 15%]
tests/test_assisted_odds_import.py::TestParserMultiline1Partido::test_multiline_formato_detectado PASSED [ 15%]
tests/test_assisted_odds_import.py::TestParserMultiline9Partidos::test_detecta_nueve PASSED [ 15%]
tests/test_assisted_odds_import.py::TestParserMultiline9Partidos::test_momios_correctos_monterrey PASSED [ 15%]
tests/test_assisted_odds_import.py::TestParserMultiline9Partidos::test_momios_correctos_necaxa PASSED [ 16%]
tests/test_assisted_odds_import.py::TestParserMultiline9Partidos::test_no_mezcla_partidos_multiline PASSED [ 16%]
tests/test_assisted_odds_import.py::TestParserMultiline9Partidos::test_partidos_correctos PASSED [ 16%]
tests/test_assisted_odds_import.py::TestNoMezclaFuturos::test_filtra_campeon_multiline PASSED [ 16%]
tests/test_assisted_odds_import.py::TestParserNeedsReview::test_momios_sueltos_sin_partidos PASSED [ 16%]
tests/test_assisted_odds_import.py::TestParserNeedsReview::test_reporte_parser_needs_review PASSED [ 16%]
tests/test_assisted_odds_import.py::TestMomioInvalido::test_evento_con_momio_invalido_se_descarta PASSED [ 16%]
tests/test_assisted_odds_import.py::TestMomioInvalido::test_evento_valido_convive_con_invalido PASSED [ 17%]
tests/test_assisted_odds_import.py::TestDuplicados::test_dedup_ignora_acentos_y_mayusculas PASSED [ 17%]
tests/test_assisted_odds_import.py::TestDuplicados::test_dedup_multiline PASSED [ 17%]
tests/test_assisted_odds_import.py::TestDuplicados::test_partido_duplicado_se_deduplica PASSED [ 17%]
tests/test_assisted_odds_import.py::TestNoMatchesFound::test_texto_sin_eventos_ni_momios PASSED [ 17%]
tests/test_assisted_odds_import.py::TestNoMatchesFound::test_texto_vacio PASSED [ 17%]
tests/test_assisted_odds_import.py::TestReporte::test_reporte_mantiene_esperar_no_enviar PASSED [ 17%]
tests/test_assisted_odds_import.py::TestReporte::test_reporte_multiline_esperar PASSED [ 18%]
tests/test_assisted_odds_import.py::TestReporte::test_reporte_no_matches PASSED [ 18%]
tests/test_assisted_odds_import.py::TestReporte::test_reporte_sin_secretos PASSED [ 18%]
tests/test_assisted_odds_import.py::TestExportJSON::test_json_multiline PASSED [ 18%]
tests/test_assisted_odds_import.py::TestExportJSON::test_json_serializable PASSED [ 18%]
tests/test_assisted_odds_import.py::TestExportJSON::test_payload_no_marca_pick_listo PASSED [ 18%]
tests/test_assisted_odds_import.py::TestParserRealLayout2Partidos::test_detecta_dos_partidos PASSED [ 19%]
tests/test_assisted_odds_import.py::TestParserRealLayout2Partidos::test_fecha_necaxa PASSED [ 19%]
tests/test_assisted_odds_import.py::TestParserRealLayout2Partidos::test_fecha_tijuana PASSED [ 19%]
tests/test_assisted_odds_import.py::TestParserRealLayout2Partidos::test_formato_detectado_multiline PASSED [ 19%]
tests/test_assisted_odds_import.py::TestParserRealLayout2Partidos::test_hora_necaxa PASSED [ 19%]
tests/test_assisted_odds_import.py::TestParserRealLayout2Partidos::test_hora_tijuana PASSED [ 19%]
tests/test_assisted_odds_import.py::TestParserRealLayout2Partidos::test_momios_necaxa PASSED [ 19%]
tests/test_assisted_odds_import.py::TestParserRealLayout2Partidos::test_no_incluye_layout_como_equipo PASSED [ 20%]
tests/test_assisted_odds_import.py::TestParserRealLayout2Partidos::test_pares_correctos PASSED [ 20%]
tests/test_assisted_odds_import.py::TestParserRealLayout9Partidos::test_detecta_nueve PASSED [ 20%]
tests/test_assisted_odds_import.py::TestParserRealLayout9Partidos::test_hora_necaxa_16jul PASSED [ 20%]
tests/test_assisted_odds_import.py::TestParserRealLayout9Partidos::test_hora_queretaro_18jul PASSED [ 20%]
tests/test_assisted_odds_import.py::TestParserRealLayout9Partidos::test_hora_tijuana_16jul PASSED [ 20%]
tests/test_assisted_odds_import.py::TestParserRealLayout9Partidos::test_momios_monterrey PASSED [ 20%]
tests/test_assisted_odds_import.py::TestParserRealLayout9Partidos::test_no_mezcla_partidos PASSED [ 21%]
tests/test_assisted_odds_import.py::TestParserRealLayout9Partidos::test_partidos_correctos PASSED [ 21%]
tests/test_assisted_odds_import.py::TestParserRealLayout9Partidos::test_reporte_esperar PASSED [ 21%]
tests/test_assisted_odds_import.py::TestParserRealLayout9Partidos::test_reporte_sin_secretos PASSED [ 21%]
tests/test_assisted_odds_import.py::TestRealLayoutConFuturos::test_filtra_campeon_entre_layout PASSED [ 21%]
tests/test_assisted_odds_import.py::TestMixedLeaguesScope::test_excluded_teams_not_in_pipeline_output PASSED [ 21%]
tests/test_assisted_odds_import.py::TestMixedLeaguesScope::test_hora_y_fecha_preservadas PASSED [ 21%]
tests/test_assisted_odds_import.py::TestMixedLeaguesScope::test_multiline_parser_full_text_finds_more_than_9_raw PASSED [ 22%]
tests/test_assisted_odds_import.py::TestMixedLeaguesScope::test_no_incluye_austria PASSED [ 22%]
tests/test_assisted_odds_import.py::TestMixedLeaguesScope::test_no_incluye_femenil PASSED [ 22%]
tests/test_assisted_odds_import.py::TestMixedLeaguesScope::test_no_incluye_myanmar PASSED [ 22%]
tests/test_assisted_odds_import.py::TestMixedLeaguesScope::test_no_incluye_randers PASSED [ 22%]
tests/test_assisted_odds_import.py::TestMixedLeaguesScope::test_partidos_correctos_liga_mx PASSED [ 22%]
tests/test_assisted_odds_import.py::TestMixedLeaguesScope::test_reporte_esperar PASSED [ 22%]
tests/test_assisted_odds_import.py::TestMixedLeaguesScope::test_solo_9_liga_mx PASSED [ 23%]
tests/test_assisted_odds_import.py::TestMixedLeaguesInline::test_filtra_externo_conserva_liga_mx PASSED [ 23%]
tests/test_assisted_odds_import.py::TestFallbackFullText::test_fallback_cuando_recorte_no_encuentra_liga_mx PASSED [ 23%]
tests/test_assisted_odds_import.py::TestRestriccionesCodigoFuente::test_browser_visible PASSED [ 23%]
tests/test_assisted_odds_import.py::TestRestriccionesCodigoFuente::test_decision_fija_en_modulo PASSED [ 23%]
tests/test_assisted_odds_import.py::TestRestriccionesCodigoFuente::test_no_automatiza_login PASSED [ 23%]
tests/test_assisted_odds_import.py::TestRestriccionesCodigoFuente::test_no_cambia_picks PASSED [ 23%]
tests/test_assisted_odds_import.py::TestRestriccionesCodigoFuente::test_no_manda_telegram PASSED [ 24%]
tests/test_assisted_odds_import.py::TestRestriccionesCodigoFuente::test_no_usa_proxy PASSED [ 24%]
tests/test_assisted_odds_import.py::TestRestriccionesCodigoFuente::test_no_usa_stealth PASSED [ 24%]
tests/test_backtest_engine.py::TestRunBacktest::test_no_importa_random PASSED [ 24%]
tests/test_backtest_engine.py::TestRunBacktest::test_usa_validacion_real_no_random PASSED [ 24%]
tests/test_backtest_estrategias.py::TestHelpers::test_fecha_semana_iso PASSED [ 24%]
tests/test_backtest_estrategias.py::TestHelpers::test_gano_local_y_visita PASSED [ 24%]
tests/test_backtest_estrategias.py::TestDivisionTorneos::test_detecta_dos_torneos PASSED [ 25%]
tests/test_backtest_estrategias.py::TestSimulacion::test_datos_insuficientes PASSED [ 25%]
tests/test_backtest_estrategias.py::TestSimulacion::test_estructura_agregados PASSED [ 25%]
tests/test_backtest_estrategias.py::TestSimulacion::test_no_repite_equipos_dentro_de_torneo PASSED [ 25%]
tests/test_backtest_estrategias.py::TestSimulacion::test_reinicio_por_torneo_permite_reusar_entre_torneos PASSED [ 25%]
tests/test_backtest_estrategias.py::TestAnalizarDerrotas::test_estructura_y_patrones PASSED [ 25%]
tests/test_backtest_estrategias.py::TestAnalizarDerrotas::test_sin_derrotas PASSED [ 25%]
tests/test_backtest_estrategias.py::TestOracle::test_oracle_run_perfecto PASSED [ 26%]
tests/test_backtest_estrategias.py::TestGanadores::test_estructura PASSED [ 26%]
tests/test_backtest_estrategias.py::TestComparar::test_comparar_devuelve_ambas PASSED [ 26%]
tests/test_backtest_estrategias.py::TestComparar::test_estrategia_real_sobrevive_liga_facil PASSED [ 26%]
tests/test_backtesting.py::TestGanancia::test_cuota_invalida PASSED      [ 26%]
tests/test_backtesting.py::TestGanancia::test_gana PASSED                [ 26%]
tests/test_backtesting.py::TestGanancia::test_pierde PASSED              [ 26%]
tests/test_backtesting.py::TestRoiWinRate::test_roi_positivo PASSED      [ 27%]
tests/test_backtesting.py::TestRoiWinRate::test_vacio PASSED             [ 27%]
tests/test_backtesting.py::TestRoiWinRate::test_win_rate PASSED          [ 27%]
tests/test_backtesting.py::TestBrier::test_peor_caso PASSED              [ 27%]
tests/test_backtesting.py::TestBrier::test_perfecto_es_cero PASSED       [ 27%]
tests/test_backtesting.py::TestBrier::test_promedio PASSED               [ 27%]
tests/test_backtesting.py::TestBrier::test_resultado_invalido PASSED     [ 28%]
tests/test_backtesting.py::TestEstrategiaYEvaluacion::test_estrategia_favorito PASSED [ 28%]
tests/test_backtesting.py::TestEstrategiaYEvaluacion::test_evaluar_dataset PASSED [ 28%]
tests/test_backtesting.py::TestEstrategiaYEvaluacion::test_ignora_filas_sin_resultado PASSED [ 28%]
tests/test_backtesting.py::TestDistribucionVig::test_histograma PASSED   [ 28%]
tests/test_backtesting.py::TestDistribucionVig::test_incluye_limite_superior PASSED [ 28%]
tests/test_backtesting.py::TestResumenTrend::test_cuenta_direcciones PASSED [ 28%]
tests/test_calendario_contexto.py::TestEventosParaFecha::test_alias_equipos PASSED [ 29%]
tests/test_calendario_contexto.py::TestEventosParaFecha::test_campeon_de_campeones_solo_involucrados PASSED [ 29%]
tests/test_calendario_contexto.py::TestEventosParaFecha::test_fecha_fifa_noviembre PASSED [ 29%]
tests/test_calendario_contexto.py::TestEventosParaFecha::test_fecha_fifa_septiembre_octubre_cubre_j10 PASSED [ 29%]
tests/test_calendario_contexto.py::TestEventosParaFecha::test_fecha_invalida_no_rompe PASSED [ 29%]
tests/test_calendario_contexto.py::TestEventosParaFecha::test_fuera_de_ventana_no_devuelve PASSED [ 29%]
tests/test_calendario_contexto.py::TestEventosParaFecha::test_leagues_cup_aplica_a_todos PASSED [ 29%]
tests/test_calendario_contexto.py::TestNotasYResumen::test_notas_para_partido_formato PASSED [ 30%]
tests/test_calendario_contexto.py::TestNotasYResumen::test_notas_vacias_sin_evento PASSED [ 30%]
tests/test_calendario_contexto.py::TestNotasYResumen::test_resumen_jornada_dedup PASSED [ 30%]
tests/test_calibracion.py::TestCalibrarProbs::test_alpha_cero_no_cambia PASSED [ 30%]
tests/test_calibracion.py::TestCalibrarProbs::test_alpha_uno_da_base PASSED [ 30%]
tests/test_calibracion.py::TestCalibrarProbs::test_largos_distintos_error PASSED [ 30%]
tests/test_calibracion.py::TestCalibrarProbs::test_shrink_reduce_confianza PASSED [ 30%]
tests/test_calibracion.py::TestTasaBase::test_cuenta_resultados PASSED   [ 31%]
tests/test_calibracion.py::TestTasaBase::test_sin_datos_uniforme PASSED  [ 31%]
tests/test_calibracion.py::TestAjustarAlpha::test_muestras_vacias PASSED [ 31%]
tests/test_calibracion.py::TestAjustarAlpha::test_overconfianza_prefiere_alpha_positivo PASSED [ 31%]
tests/test_calibracion.py::TestEvaluarCalibracion::test_estructura PASSED [ 31%]
tests/test_calibracion.py::TestEvaluarCalibracion::test_pocas_muestras PASSED [ 31%]
tests/test_calibracion.py::TestCalibrarPronostico::test_recalcula_pick_y_no_perder PASSED [ 31%]
tests/test_comparador_mercado.py::TestQuitarVig::test_1x2_suma_uno_y_vig PASSED [ 32%]
tests/test_comparador_mercado.py::TestQuitarVig::test_2vias_suma_uno PASSED [ 32%]
tests/test_comparador_mercado.py::TestQuitarVig::test_momio_invalido_lanza PASSED [ 32%]
tests/test_comparador_mercado.py::TestComparar1x2::test_detecta_valor_y_favorito PASSED [ 32%]
tests/test_comparador_mercado.py::TestComparar1x2::test_sin_valor_si_igual_al_mercado PASSED [ 32%]
tests/test_comparador_mercado.py::TestCompararTotales::test_mercado_cauteloso PASSED [ 32%]
tests/test_comparador_mercado.py::TestCompararTotales::test_mercado_explosivo_y_valor_over PASSED [ 32%]
tests/test_comparador_mercado.py::TestHandicap::test_local_muy_favorito PASSED [ 33%]
tests/test_comparador_mercado.py::TestHandicap::test_visitante_ligero PASSED [ 33%]
tests/test_comparador_mercado.py::TestParsearMercado::test_extrae_ml_totales_handicap_promediando PASSED [ 33%]
tests/test_comparador_mercado.py::TestParsearMercado::test_prefiere_linea_2_5 PASSED [ 33%]
tests/test_comparador_mercado.py::TestParsearMercado::test_vacio_o_invalido PASSED [ 33%]
tests/test_comparador_mercado.py::TestAnotar::test_con_mercado_anota_bloques PASSED [ 33%]
tests/test_comparador_mercado.py::TestAnotar::test_empareja_nombres_flexibles PASSED [ 33%]
tests/test_comparador_mercado.py::TestAnotar::test_lista_empareja_por_clave PASSED [ 34%]
tests/test_comparador_mercado.py::TestAnotar::test_no_empareja_equipos_distintos PASSED [ 34%]
tests/test_comparador_mercado.py::TestAnotar::test_sin_mercado_none PASSED [ 34%]
tests/test_comparador_mercado.py::TestGating::test_auto_seleccion_elige_casas_con_mas_odds PASSED [ 34%]
tests/test_comparador_mercado.py::TestGating::test_bookmakers_override_por_env PASSED [ 34%]
tests/test_comparador_mercado.py::TestGating::test_comparar_pronosticos_passthrough_sin_key PASSED [ 34%]
tests/test_comparador_mercado.py::TestGating::test_deshabilitado_sin_key PASSED [ 34%]
tests/test_comparador_mercado.py::TestGating::test_diagnostico_sin_key PASSED [ 35%]
tests/test_comparador_mercado.py::TestGating::test_habilitado_con_key PASSED [ 35%]
tests/test_comparador_mercado.py::TestPronosticoDesdeMomios::test_construye_desde_ml PASSED [ 35%]
tests/test_comparador_mercado.py::TestPronosticoDesdeMomios::test_incluye_over_under_si_hay_totals PASSED [ 35%]
tests/test_comparador_mercado.py::TestPronosticoDesdeMomios::test_sin_ml_devuelve_none PASSED [ 35%]
tests/test_contexto_web_partidos.py::test_tavily_es_primario_y_no_gasta_respaldos_si_hay_resultados PASSED [ 35%]
tests/test_contexto_web_partidos.py::test_gnews_respalda_si_tavily_falla PASSED [ 35%]
tests/test_contexto_web_partidos.py::test_clave_separa_el_mismo_partido_por_jornada PASSED [ 36%]
tests/test_contexto_web_partidos.py::test_cache_evitar_consultar_proveedores PASSED [ 36%]
tests/test_contexto_web_partidos.py::test_contextos_para_plan_combina_previa_y_forma_acumulada PASSED [ 36%]
tests/test_contexto_web_partidos.py::test_cache_expirado_no_se_reutiliza PASSED [ 36%]
tests/test_contexto_web_partidos.py::test_backfill_inicia_en_jornada_uno_y_revisa_cada_partido PASSED [ 36%]
tests/test_contexto_web_partidos.py::test_previa_inmediata_tiene_prioridad_sobre_backfill PASSED [ 36%]
tests/test_cron_router.py::TestCronBacktestAuth::test_api_key_no_configurada_devuelve_503 PASSED [ 37%]
tests/test_cron_router.py::TestCronBacktestAuth::test_con_key_ejecuta_backtest PASSED [ 37%]
tests/test_cron_router.py::TestCronBacktestAuth::test_key_invalida_devuelve_403 PASSED [ 37%]
tests/test_cron_router.py::TestCronBacktestAuth::test_sin_key_devuelve_403 PASSED [ 37%]
tests/test_database.py::TestDatabaseSQLite::test_ciclo_completo PASSED   [ 37%]
tests/test_database.py::TestDatabaseSQLite::test_equipos_usados_ciclo PASSED [ 37%]
tests/test_database.py::TestDatabaseSQLite::test_get_history_paginacion PASSED [ 37%]
tests/test_database.py::TestDatabaseSQLite::test_historial_pronosticos_ciclo PASSED [ 38%]
tests/test_database.py::TestDatabaseSQLite::test_norm_equipo PASSED      [ 38%]
tests/test_database.py::TestDatabaseSQLite::test_settle_sin_resultado_queda_pendiente PASSED [ 38%]
tests/test_database.py::TestDatabaseSQLite::test_survivor_historial_ciclo PASSED [ 38%]
tests/test_database.py::TestDatabaseSQLite::test_survivor_settle_otro_partido_queda_pendiente PASSED [ 38%]
tests/test_database.py::TestEsPostgres::test_detecta_postgres PASSED     [ 38%]
tests/test_database.py::TestEsPostgres::test_no_postgres PASSED          [ 38%]
tests/test_dixon_coles_mle.py::TestAjuste::test_ajusta_y_devuelve_estructura PASSED [ 39%]
tests/test_dixon_coles_mle.py::TestAjuste::test_equipo_fuerte_mayor_ataque PASSED [ 39%]
tests/test_dixon_coles_mle.py::TestAjuste::test_goles_esperados_fuerte_vs_debil PASSED [ 39%]
tests/test_dixon_coles_mle.py::TestAjuste::test_sin_partidos_lanza PASSED [ 39%]
tests/test_dixon_coles_mle.py::TestPronostico::test_equipo_desconocido_no_rompe PASSED [ 39%]
tests/test_dixon_coles_mle.py::TestPronostico::test_fuerte_es_favorito PASSED [ 39%]
tests/test_dixon_coles_mle.py::TestPronostico::test_pronostico_completo_y_suma_100 PASSED [ 39%]
tests/test_e2e_survivor_telegram.py::test_lote_repetido_cruza_todo_el_flujo_y_solo_se_entrega_una_vez PASSED [ 40%]
tests/test_espn_data.py::TestParsearEventos::test_evento_incompleto_se_ignora PASSED [ 40%]
tests/test_espn_data.py::TestParsearEventos::test_partido_jugado PASSED  [ 40%]
tests/test_espn_data.py::TestParsearEventos::test_partido_programado_sin_goles PASSED [ 40%]
tests/test_espn_data.py::TestParsearEventos::test_vacio PASSED           [ 40%]
tests/test_espn_data.py::TestObtenerResultados::test_deduplica PASSED    [ 40%]
tests/test_espn_data.py::TestObtenerResultados::test_filtra_jugados_y_formato_poisson PASSED [ 40%]
tests/test_espn_data.py::TestFetch::test_http_error_lanza PASSED         [ 41%]
tests/test_espn_data.py::TestFetch::test_sin_requests_lanza PASSED       [ 41%]
tests/test_espn_data.py::TestRangos::test_genera_rangos PASSED           [ 41%]
tests/test_espn_data.py::TestIntegracionPoisson::test_resultados_alimentan_poisson PASSED [ 41%]
tests/test_espn_data.py::TestProximaJornada::test_corta_por_equipo_repetido PASSED [ 41%]
tests/test_espn_data.py::TestProximaJornada::test_sin_datos_devuelve_vacio PASSED [ 41%]
tests/test_espn_data.py::TestProximaJornada::test_toma_solo_la_primera_jornada PASSED [ 41%]
tests/test_fichajes.py::TestFichajes::test_alias PASSED                  [ 42%]
tests/test_fichajes.py::TestFichajes::test_disponible PASSED             [ 42%]
tests/test_fichajes.py::TestFichajes::test_equipo_sin_datos PASSED       [ 42%]
tests/test_fichajes.py::TestFichajes::test_guardar_equipo PASSED         [ 42%]
tests/test_fichajes.py::TestFichajes::test_linea_equipo PASSED           [ 42%]
tests/test_fichajes.py::TestFichajes::test_resumen_equipo PASSED         [ 42%]
tests/test_final_security_gate.py::FinalSecurityGateTests::test_allows_esperar_no_enviar_marker PASSED [ 42%]
tests/test_final_security_gate.py::FinalSecurityGateTests::test_allows_negated_no_cerrar_context PASSED [ 43%]
tests/test_final_security_gate.py::FinalSecurityGateTests::test_allows_negated_no_enviar_pick_context PASSED [ 43%]
tests/test_final_security_gate.py::FinalSecurityGateTests::test_allows_ready_for_full_audit_no_auto_send_marker PASSED [ 43%]
tests/test_final_security_gate.py::FinalSecurityGateTests::test_blocks_betting_signal_even_with_safe_marker PASSED [ 43%]
tests/test_final_security_gate.py::FinalSecurityGateTests::test_blocks_forbidden_close_signal_even_with_safe_marker PASSED [ 43%]
tests/test_final_security_gate.py::FinalSecurityGateTests::test_blocks_forbidden_enviar_pick_signal PASSED [ 43%]
tests/test_final_security_gate.py::FinalSecurityGateTests::test_blocks_report_without_safe_marker PASSED [ 43%]
tests/test_final_security_gate.py::FinalSecurityGateTests::test_missing_report_file_returns_no_send PASSED [ 44%]
tests/test_fuentes_datos.py::TestParsearTheSportsDB::test_evento_con_marcador PASSED [ 44%]
tests/test_fuentes_datos.py::TestParsearTheSportsDB::test_sin_marcador_se_ignora PASSED [ 44%]
tests/test_fuentes_datos.py::TestParsearTheSportsDB::test_vacio PASSED   [ 44%]
tests/test_fuentes_datos.py::TestRedundancia::test_combina_espn_parcial_con_tsdb PASSED [ 44%]
tests/test_fuentes_datos.py::TestRedundancia::test_espn_primaria_si_suficiente PASSED [ 44%]
tests/test_fuentes_datos.py::TestRedundancia::test_fallback_cache_si_todo_falla PASSED [ 44%]
tests/test_fuentes_datos.py::TestRedundancia::test_fallback_thesportsdb_si_espn_falla PASSED [ 45%]
tests/test_fuentes_datos.py::TestRedundancia::test_ligamx_api_ignorada_si_deshabilitada PASSED [ 45%]
tests/test_fuentes_datos.py::TestRedundancia::test_ligamx_api_primaria_si_habilitada_y_suficiente PASSED [ 45%]
tests/test_fuentes_datos.py::TestEstadoFuentes::test_odds_se_prueba_con_key PASSED [ 45%]
tests/test_fuentes_datos.py::TestEstadoFuentes::test_ok_global_si_espn_responde PASSED [ 45%]
tests/test_fuentes_datos.py::TestCache::test_guardar_y_leer PASSED       [ 45%]
tests/test_fuentes_datos.py::TestCache::test_leer_inexistente_vacio PASSED [ 46%]
tests/test_fuentes_historico.py::TestHistoricoLargo::test_cae_a_cache_si_todo_falla PASSED [ 46%]
tests/test_fuentes_historico.py::TestHistoricoLargo::test_cae_a_espn_si_ligamx_falla PASSED [ 46%]
tests/test_fuentes_historico.py::TestHistoricoLargo::test_prefiere_ligamx_si_tiene_mas PASSED [ 46%]
tests/test_import_calendario.py::TestConstruirCalendario::test_agrupa_por_semana_y_numera PASSED [ 46%]
tests/test_import_calendario.py::TestConstruirCalendario::test_cap_max_por_jornada PASSED [ 46%]
tests/test_import_calendario.py::TestConstruirCalendario::test_ignora_incompletos PASSED [ 46%]
tests/test_import_calendario.py::TestConstruirCalendario::test_semana_iso PASSED [ 47%]
tests/test_import_calendario.py::TestConstruirCalendario::test_split_por_equipo_repetido PASSED [ 47%]
tests/test_import_calendario.py::TestRangosAdelante::test_rangos_van_hacia_adelante PASSED [ 47%]
tests/test_import_fbref_schedule.py::TestExtraccionTabla::test_extrae_filas_partido PASSED [ 47%]
tests/test_import_fbref_schedule.py::TestNormalizacionNombres::test_claves_equivalentes PASSED [ 47%]
tests/test_import_fbref_schedule.py::TestNormalizacionNombres::test_display_requeridos PASSED [ 47%]
tests/test_import_fbref_schedule.py::TestFiltroJornada::test_filtra_jornada_1 PASSED [ 47%]
tests/test_import_fbref_schedule.py::TestComparacion::test_diferencia_de_hora_detectada PASSED [ 48%]
tests/test_import_fbref_schedule.py::TestComparacion::test_diferencia_menor_estadio_ignorada PASSED [ 48%]
tests/test_import_fbref_schedule.py::TestComparacion::test_estadio_realmente_distinto_si_reporta PASSED [ 48%]
tests/test_import_fbref_schedule.py::TestComparacion::test_matched_completo PASSED [ 48%]
tests/test_import_fbref_schedule.py::TestEstadioTokens::test_articulos_y_acentos_no_cuentan PASSED [ 48%]
tests/test_import_fbref_schedule.py::TestEstadioTokens::test_nombre_diferente_si_cuenta PASSED [ 48%]
tests/test_import_fbref_schedule.py::TestErrores::test_columnas_faltantes PASSED [ 48%]
tests/test_import_fbref_schedule.py::TestErrores::test_html_faltante PASSED [ 49%]
tests/test_ligamx_api.py::TestGet::test_get_http_error PASSED            [ 49%]
tests/test_ligamx_api.py::TestGet::test_get_network_error PASSED         [ 49%]
tests/test_ligamx_api.py::TestGet::test_get_ok PASSED                    [ 49%]
tests/test_ligamx_api.py::TestBaseUrl::test_default PASSED               [ 49%]
tests/test_ligamx_api.py::TestBaseUrl::test_env_override_strips_trailing_slash PASSED [ 49%]
tests/test_ligamx_api.py::TestUsarComoFuente::test_off_por_defecto PASSED [ 49%]
tests/test_ligamx_api.py::TestUsarComoFuente::test_on_con_1 PASSED       [ 50%]
tests/test_ligamx_api.py::TestDisponible::test_false_on_error PASSED     [ 50%]
tests/test_ligamx_api.py::TestDisponible::test_true PASSED               [ 50%]
tests/test_ligamx_api.py::TestCalendarioPlanificador::test_calendario_vacio PASSED [ 50%]
tests/test_ligamx_api.py::TestCalendarioPlanificador::test_mapeo_y_orden PASSED [ 50%]
tests/test_ligamx_api.py::TestCalendarioPlanificador::test_nombres_normalizados PASSED [ 50%]
tests/test_ligamx_api.py::TestFixturesPlanos::test_lista_plana_con_fecha PASSED [ 50%]
tests/test_ligamx_api.py::TestResultadosHistoricos::test_mapea_finalizados PASSED [ 51%]
tests/test_ligamx_api.py::TestResultadosHistoricos::test_pretemporada_vacio PASSED [ 51%]
tests/test_ligamx_api.py::TestPredecir::test_pasa_parametros PASSED      [ 51%]
tests/test_ligamx_api.py::TestJugadoresEnRiesgo::test_compacto_con_limit PASSED [ 51%]
tests/test_ligamx_api.py::TestJugadoresEnRiesgo::test_pretemporada_vacio PASSED [ 51%]
tests/test_ligamx_api.py::TestNoticias::test_compacta_y_ordena_por_fecha PASSED [ 51%]
tests/test_ligamx_api.py::TestNoticias::test_limit_cero PASSED           [ 51%]
tests/test_ligamx_api.py::TestNoticias::test_noticias_365_normaliza PASSED [ 52%]
tests/test_ligamx_api.py::TestNoticias::test_noticias_combina_365_y_google_dedup PASSED [ 52%]
tests/test_ligamx_api.py::TestNoticias::test_noticias_tolerante_si_una_fuente_falla PASSED [ 52%]
tests/test_ligamx_api.py::TestNoticiasDeEquipos::test_filtra_por_equipos PASSED [ 52%]
tests/test_ligamx_api.py::TestNoticiasDeEquipos::test_sin_equipos PASSED [ 52%]
tests/test_ligamx_api.py::TestEquiposResolver::test_mapa_e_id PASSED     [ 52%]
tests/test_ligamx_api.py::TestTablaNormalizada::test_mapea_y_ordena PASSED [ 52%]
tests/test_ligamx_api.py::TestAnalisisPartido::test_dossier_agrega_senales PASSED [ 53%]
tests/test_ligamx_api.py::TestAnalisisPartido::test_equipo_no_resuelto PASSED [ 53%]
tests/test_ligamx_api.py::TestAnalisisPartido::test_tolerante_si_una_senal_falla PASSED [ 53%]
tests/test_ligamx_api.py::TestResumenPartido::test_resumen_compacto PASSED [ 53%]
tests/test_ligamx_api.py::TestResumenPartido::test_resumen_pretemporada_tolerante PASSED [ 53%]
tests/test_ligamx_api.py::TestAlineacion::test_alineacion_365_normaliza_y_disponible PASSED [ 53%]
tests/test_ligamx_api.py::TestAlineacion::test_alineacion_365_vacia PASSED [ 53%]
tests/test_ligamx_api.py::TestAlineacion::test_alineacion_de_partido_ok PASSED [ 54%]
tests/test_ligamx_api.py::TestAlineacion::test_alineacion_de_partido_sin_evento PASSED [ 54%]
tests/test_ligamx_api.py::TestAlineacion::test_evento_365_id_match_flexible PASSED [ 54%]
tests/test_ligamx_api.py::TestJugadoresASeguir::test_goleadores_por_equipo_agrupa PASSED [ 54%]
tests/test_ligamx_api.py::TestJugadoresASeguir::test_goleadores_por_equipo_vacio_tolerante PASSED [ 54%]
tests/test_ligamx_api.py::TestJugadoresASeguir::test_jugadores_a_seguir_partido_forma_home_away PASSED [ 54%]
tests/test_ligamx_api.py::TestJugadoresASeguir::test_jugadores_a_seguir_partido_forma_plana PASSED [ 55%]
tests/test_ligamx_api.py::TestJugadoresASeguir::test_jugadores_a_seguir_partido_sin_id PASSED [ 55%]
tests/test_ligamx_api.py::TestJugadoresASeguir::test_match_id_de_partido_resuelve PASSED [ 55%]
tests/test_ligamx_api.py::TestJugadoresASeguir::test_match_id_none_si_no_encuentra PASSED [ 55%]
tests/test_ligamx_api.py::TestPorteros::test_porteros_por_equipo_mejor_valla PASSED [ 55%]
tests/test_ligamx_api.py::TestPorteros::test_porteros_por_equipo_vacio_tolerante PASSED [ 55%]
tests/test_ligamx_api.py::TestTransfers365::test_transfers_365_tolerante PASSED [ 55%]
tests/test_ligamx_api.py::TestTransfers365::test_transfers_equipo_alias PASSED [ 56%]
tests/test_ligamx_api.py::TestTransfers365::test_transfers_equipo_formatea PASSED [ 56%]
tests/test_ligamx_api.py::TestTransfers365::test_transfers_equipo_sin_datos PASSED [ 56%]
tests/test_ligamx_api.py::TestLineupImpact::test_lineup_impact_partido_resuelve PASSED [ 56%]
tests/test_ligamx_api.py::TestLineupImpact::test_lineup_impact_partido_sin_evento PASSED [ 56%]
tests/test_ligamx_api.py::TestProbableLineup::test_probable_lineup_partido_resuelve PASSED [ 56%]
tests/test_ligamx_api.py::TestProbableLineup::test_probable_lineup_partido_sin_evento PASSED [ 56%]
tests/test_ligamx_contract.py::test_kickoff_z_y_offset_se_normalizan_a_utc PASSED [ 57%]
tests/test_ligamx_contract.py::test_kickoff_naive_legacy_se_trata_como_utc PASSED [ 57%]
tests/test_ligamx_contract.py::test_identidad_prefiere_espn_y_normaliza_tipo PASSED [ 57%]
tests/test_ligamx_contract.py::test_identidad_legacy_es_determinista_sin_id PASSED [ 57%]
tests/test_ligamx_contract.py::test_calendario_y_fixtures_propagan_contrato PASSED [ 57%]
tests/test_ligamx_contract.py::test_resultados_propagan_contrato PASSED  [ 57%]
tests/test_ligamx_contract.py::test_busqueda_por_espn_id_es_estricta PASSED [ 57%]
tests/test_ligamx_contract.py::test_busqueda_legacy_por_nombres_sigue_funcionando PASSED [ 58%]
tests/test_logging_setup.py::TestJSONFormatter::test_format_con_excepcion PASSED [ 58%]
tests/test_logging_setup.py::TestJSONFormatter::test_format_incluye_campos_extra PASSED [ 58%]
tests/test_logging_setup.py::TestJSONFormatter::test_format_produce_json_con_campos_base PASSED [ 58%]
tests/test_logging_setup.py::TestSetupLogging::test_setup_formato_texto PASSED [ 58%]
tests/test_logging_setup.py::TestSetupLogging::test_setup_json_por_defecto PASSED [ 58%]
tests/test_logging_setup.py::TestSetupLogging::test_setup_nivel_por_parametro PASSED [ 58%]
tests/test_logging_setup.py::TestGetLogger::test_get_logger_nombre PASSED [ 59%]
tests/test_matchup_h2h.py::TestResumenH2H::test_alias_equipos PASSED     [ 59%]
tests/test_matchup_h2h.py::TestResumenH2H::test_cuenta_correcta PASSED   [ 59%]
tests/test_matchup_h2h.py::TestResumenH2H::test_simetria_perspectiva PASSED [ 59%]
tests/test_matchup_h2h.py::TestAlertaH2H::test_favorito_domina_no_dispara PASSED [ 59%]
tests/test_matchup_h2h.py::TestAlertaH2H::test_favorito_no_domina_dispara PASSED [ 59%]
tests/test_matchup_h2h.py::TestAlertaH2H::test_muestra_insuficiente_no_dispara PASSED [ 59%]
tests/test_matchup_h2h.py::TestAnotar::test_anota_solo_favorito_con_mal_h2h PASSED [ 60%]
tests/test_matchup_h2h.py::TestAnotar::test_empate_no_anota PASSED       [ 60%]
tests/test_mezcla_momios.py::TestMezcla::test_mezcla_mueve_hacia_mercado PASSED [ 60%]
tests/test_mezcla_momios.py::TestMezcla::test_mitad_y_mitad_queda_entre_modelo_y_mercado PASSED [ 60%]
tests/test_mezcla_momios.py::TestMezcla::test_partido_sin_mercado_se_queda_igual PASSED [ 60%]
tests/test_mezcla_momios.py::TestMezcla::test_sin_momios_no_cambia PASSED [ 60%]
tests/test_motor_pronosticos.py::TestGenerar::test_alerta_favorito_visitante PASSED [ 60%]
tests/test_motor_pronosticos.py::TestGenerar::test_alerta_partido_seguro PASSED [ 61%]
tests/test_motor_pronosticos.py::TestGenerar::test_alerta_un_motivo_es_precaucion PASSED [ 61%]
tests/test_motor_pronosticos.py::TestGenerar::test_equipo_desconocido_se_omite PASSED [ 61%]
tests/test_motor_pronosticos.py::TestGenerar::test_genera_pronosticos PASSED [ 61%]
tests/test_motor_pronosticos.py::TestGenerar::test_h2h_usa_historico_mas_largo_de_la_api PASSED [ 61%]
tests/test_motor_pronosticos.py::TestGenerar::test_incluye_explicaciones PASSED [ 61%]
tests/test_motor_pronosticos.py::TestGenerar::test_incluye_nivel_confianza PASSED [ 61%]
tests/test_motor_pronosticos.py::TestGenerar::test_no_perder_es_suma_coherente PASSED [ 62%]
tests/test_motor_pronosticos.py::TestGenerar::test_partido_con_equipo_sin_modelo_se_reporta PASSED [ 62%]
tests/test_motor_pronosticos.py::TestGenerar::test_pronostico_incluye_alerta PASSED [ 62%]
tests/test_motor_pronosticos.py::TestGenerar::test_sin_resultados_no_revienta PASSED [ 62%]
tests/test_motor_pronosticos.py::TestGenerar::test_umbrales_nivel_confianza PASSED [ 62%]
tests/test_motor_pronosticos.py::TestSurvivor::test_campos_de_riesgo_presentes PASSED [ 62%]
tests/test_motor_pronosticos.py::TestSurvivor::test_elige_mayor_no_perder PASSED [ 62%]
tests/test_motor_pronosticos.py::TestSurvivor::test_excluye_usados PASSED [ 63%]
tests/test_motor_pronosticos.py::TestSurvivor::test_mejores_picks_top_n_ordenados PASSED [ 63%]
tests/test_motor_pronosticos.py::TestSurvivor::test_motivacion_es_desempate PASSED [ 63%]
tests/test_motor_pronosticos.py::TestSurvivor::test_motivacion_no_altera_orden_principal PASSED [ 63%]
tests/test_motor_pronosticos.py::TestSurvivor::test_nivel_riesgosa PASSED [ 63%]
tests/test_motor_pronosticos.py::TestSurvivor::test_no_recomienda_equipo_y_su_rival_del_mismo_partido PASSED [ 63%]
tests/test_motor_pronosticos.py::TestSurvivor::test_sin_candidatos PASSED [ 64%]
tests/test_motor_pronosticos.py::TestSurvivor::test_victoria_desempata_mismo_no_perder PASSED [ 64%]
tests/test_motor_pronosticos.py::TestEstrategia::test_cautela_por_pocos_datos PASSED [ 64%]
tests/test_motor_pronosticos.py::TestEstrategia::test_favorito_visitante_no_es_alta PASSED [ 64%]
tests/test_motor_pronosticos.py::TestEstrategia::test_incluye_razon PASSED [ 64%]
tests/test_motor_pronosticos.py::TestEstrategia::test_local_preferido_sobre_visitante_en_arranque PASSED [ 64%]
tests/test_motor_pronosticos.py::TestEstrategia::test_prefiere_ganar_sobre_sobrevivir_por_empate PASSED [ 64%]
tests/test_motor_pronosticos.py::TestEstrategia::test_razon_incluye_numeros PASSED [ 65%]
tests/test_motor_pronosticos.py::TestEstrategia::test_sin_dato_es_cauteloso PASSED [ 65%]
tests/test_motor_pronosticos.py::TestEstrategia::test_temporada_avanzada_sin_cautela PASSED [ 65%]
tests/test_pick_lifecycle_v2.py::test_migracion_aditiva_desde_schema_legacy PASSED [ 65%]
tests/test_pick_lifecycle_v2.py::test_snapshot_identidad_y_reintento_persisten_tras_reinicio PASSED [ 65%]
tests/test_pick_lifecycle_v2.py::test_cancelacion_idempotente_libera_equipo PASSED [ 65%]
tests/test_pick_lifecycle_v2.py::test_resolucion_prefiere_match_key_estable PASSED [ 65%]
tests/test_plan_contexto_web.py::test_mensaje_muestra_contexto_y_escapa_html_externo PASSED [ 66%]
tests/test_plan_contexto_web.py::test_enviar_plan_usa_contexto_cacheado_sin_hacer_busquedas PASSED [ 66%]
tests/test_plan_persistido.py::test_plan_excluye_jornadas_cerradas_y_muestra_historial PASSED [ 66%]
tests/test_plan_persistido.py::test_fallback_sin_bd_conserva_horizonte_actual PASSED [ 66%]
tests/test_plan_persistido.py::test_tendencias_no_disponibles_devuelve_false PASSED [ 66%]
tests/test_plan_persistido.py::test_tendencias_aplica_ajuste_y_marca_true PASSED [ 66%]
tests/test_plan_persistido.py::test_tendencias_no_rompe_si_falla PASSED  [ 66%]
tests/test_planificador_survivor.py::TestMomios::test_devig_suma_uno PASSED [ 67%]
tests/test_planificador_survivor.py::TestMomios::test_prob_implicita_americana PASSED [ 67%]
tests/test_planificador_survivor.py::TestPlanificador::test_estructura_y_metricas PASSED [ 67%]
tests/test_planificador_survivor.py::TestPlanificador::test_excluye_equipos_usados PASSED [ 67%]
tests/test_planificador_survivor.py::TestPlanificador::test_peso_victoria_cero_solo_sobrevive PASSED [ 67%]
tests/test_planificador_survivor.py::TestPlanificador::test_plan_sin_repetir PASSED [ 67%]
tests/test_planificador_survivor.py::TestCargarCalendario::test_archivo_inexistente_usa_fallback_inline PASSED [ 67%]
tests/test_planificador_survivor.py::TestOddsPorPartido::test_construir_desde_momios_inyectados PASSED [ 68%]
tests/test_planificador_survivor.py::TestOddsPorPartido::test_planificar_con_odds_no_rompe PASSED [ 68%]
tests/test_planificador_survivor.py::TestOddsPorPartido::test_sin_momios_devuelve_vacio PASSED [ 68%]
tests/test_poisson_model.py::TestPoissonPMF::test_lambda_cero PASSED     [ 68%]
tests/test_poisson_model.py::TestPoissonPMF::test_pmf_conocido PASSED    [ 68%]
tests/test_poisson_model.py::TestMatriz::test_dixon_coles_tambien_normaliza PASSED [ 68%]
tests/test_poisson_model.py::TestMatriz::test_matriz_suma_uno PASSED     [ 68%]
tests/test_poisson_model.py::TestMercados::test_1x2_suma_uno PASSED      [ 69%]
tests/test_poisson_model.py::TestMercados::test_btts_suma_uno PASSED     [ 69%]
tests/test_poisson_model.py::TestMercados::test_favorito_local_mayor_prob PASSED [ 69%]
tests/test_poisson_model.py::TestMercados::test_marcador_mas_probable_es_tupla PASSED [ 69%]
tests/test_poisson_model.py::TestMercados::test_over_under_suma_uno PASSED [ 69%]
tests/test_poisson_model.py::TestMercados::test_partido_cerrado_mas_under PASSED [ 69%]
tests/test_poisson_model.py::TestMercados::test_partido_de_muchos_goles_mas_over PASSED [ 69%]
tests/test_poisson_model.py::TestFuerzas::test_equipo_fuerte_mayor_ataque PASSED [ 70%]
tests/test_poisson_model.py::TestFuerzas::test_estima_fuerzas PASSED     [ 70%]
tests/test_poisson_model.py::TestFuerzas::test_goles_esperados_fuerte_vs_debil PASSED [ 70%]
tests/test_poisson_model.py::TestFuerzas::test_sin_partidos_lanza PASSED [ 70%]
tests/test_poisson_model.py::TestPronostico::test_fuerte_favorito PASSED [ 70%]
tests/test_poisson_model.py::TestPronostico::test_pronostico_completo PASSED [ 70%]
tests/test_poisson_model.py::TestCombinarConMercado::test_blend_50_50 PASSED [ 70%]
tests/test_poisson_model.py::TestCombinarConMercado::test_largos_distintos_lanza PASSED [ 71%]
tests/test_poisson_model.py::TestCombinarConMercado::test_peso_invalido_lanza PASSED [ 71%]
tests/test_poisson_model.py::TestCombinarConMercado::test_peso_solo_modelo PASSED [ 71%]
tests/test_poisson_model.py::TestMarcadorConsistente::test_marcador_para_respeta_resultado PASSED [ 71%]
tests/test_poisson_model.py::TestMarcadorConsistente::test_marcador_pick_concuerda_con_1x2 PASSED [ 71%]
tests/test_predicciones_helpers.py::TestTotalesJornada::test_totales_con_datos PASSED [ 71%]
tests/test_predicciones_helpers.py::TestTotalesJornada::test_vacio_devuelve_ceros PASSED [ 71%]
tests/test_predicciones_helpers.py::TestEnriquecerCrowd::test_equipo_desconocido_cero PASSED [ 72%]
tests/test_predicciones_helpers.py::TestEnriquecerCrowd::test_lista PASSED [ 72%]
tests/test_predicciones_helpers.py::TestEnriquecerCrowd::test_none_passthrough PASSED [ 72%]
tests/test_predicciones_helpers.py::TestEnriquecerCrowd::test_umbrales_de_riesgo PASSED [ 72%]
tests/test_predicciones_helpers.py::TestUsadosCombinados::test_bd_falla_usa_solo_parametro PASSED [ 72%]
tests/test_predicciones_helpers.py::TestUsadosCombinados::test_combina_y_dedup PASSED [ 72%]
tests/test_predicciones_helpers.py::TestUsadosCombinados::test_vacio PASSED [ 73%]
tests/test_predicciones_helpers.py::TestPartidosJugadosTorneo::test_api_falla_devuelve_none PASSED [ 73%]
tests/test_predicciones_helpers.py::TestPartidosJugadosTorneo::test_devuelve_int PASSED [ 73%]
tests/test_predicciones_helpers.py::TestPartidosJugadosTorneo::test_sin_dato_devuelve_none PASSED [ 73%]
tests/test_predicciones_helpers.py::TestContextoPick::test_local_deriva_home_equipo PASSED [ 73%]
tests/test_predicciones_helpers.py::TestContextoPick::test_visitante_deriva_home_rival PASSED [ 73%]
tests/test_production_smoke.py::test_obtener_json_reintenta_tras_cold_start PASSED [ 73%]
tests/test_production_smoke.py::test_obtener_json_falla_despues_de_agotar_reintentos PASSED [ 74%]
tests/test_production_smoke.py::test_validadores_aceptan_contratos_sanos PASSED [ 74%]
tests/test_production_smoke.py::test_validar_survivor_rechaza_dependencia_degradada PASSED [ 74%]
tests/test_production_smoke.py::test_validar_fuentes_rechaza_fallo_aunque_haya_mapa PASSED [ 74%]
tests/test_production_smoke.py::test_ejecutar_smoke_despierta_primero_ligamx PASSED [ 74%]
tests/test_production_smoke.py::test_main_devuelve_error_si_un_contrato_falla PASSED [ 74%]
tests/test_reglas_liga_mx.py::TestConstantes::test_descenso_suspendido PASSED [ 74%]
tests/test_reglas_liga_mx.py::TestConstantes::test_dieciocho_equipos PASSED [ 75%]
tests/test_reglas_liga_mx.py::TestFormatoNormal::test_apertura_2026_usa_formato_normal PASSED [ 75%]
tests/test_reglas_liga_mx.py::TestFormatoNormal::test_default_tiene_play_in PASSED [ 75%]
tests/test_reglas_liga_mx.py::TestFormatoNormal::test_fuera_de_liguilla PASSED [ 75%]
tests/test_reglas_liga_mx.py::TestFormatoNormal::test_top6_clasifica_directo PASSED [ 75%]
tests/test_reglas_liga_mx.py::TestFormatoNormal::test_zona_play_in_7_a_10 PASSED [ 75%]
tests/test_reglas_liga_mx.py::TestExcepcionClausura2026::test_normalizacion_de_clave PASSED [ 75%]
tests/test_reglas_liga_mx.py::TestExcepcionClausura2026::test_nota_menciona_mundial PASSED [ 76%]
tests/test_reglas_liga_mx.py::TestExcepcionClausura2026::test_sin_play_in PASSED [ 76%]
tests/test_reglas_liga_mx.py::TestExcepcionClausura2026::test_top8_directo PASSED [ 76%]
tests/test_reglas_liga_mx.py::TestResumen::test_resumen_excepcion PASSED [ 76%]
tests/test_reglas_liga_mx.py::TestResumen::test_resumen_normal PASSED    [ 76%]
tests/test_reglas_liga_mx.py::TestZonaYCupos::test_cupos_postemporada PASSED [ 76%]
tests/test_reglas_liga_mx.py::TestZonaYCupos::test_zona_clasificacion_excepcion PASSED [ 76%]
tests/test_reglas_liga_mx.py::TestZonaYCupos::test_zona_clasificacion_normal PASSED [ 77%]
tests/test_routers_predicciones.py::TestEndpoints::test_cache_evita_segunda_llamada PASSED [ 77%]
tests/test_routers_predicciones.py::TestEndpoints::test_health_fuentes PASSED [ 77%]
tests/test_routers_predicciones.py::TestEndpoints::test_jornada_todo_en_uno PASSED [ 77%]
tests/test_routers_predicciones.py::TestEndpoints::test_predicciones_devuelve_datos PASSED [ 77%]
tests/test_routers_predicciones.py::TestEndpoints::test_survivor_elige_mejor PASSED [ 77%]
tests/test_routers_predicciones.py::TestEndpoints::test_survivor_excluye PASSED [ 77%]
tests/test_routers_predicciones.py::TestEndpoints::test_tabla_devuelve_datos_y_decision PASSED [ 78%]
tests/test_routers_predicciones.py::TestEndpoints::test_valor_passthrough_sin_mercado PASSED [ 78%]
tests/test_scheduler.py::TestHabilitado::test_off_con_valores_falsos PASSED [ 78%]
tests/test_scheduler.py::TestHabilitado::test_on_con_valor_verdadero PASSED [ 78%]
tests/test_scheduler.py::TestHabilitado::test_on_por_defecto PASSED      [ 78%]
tests/test_scheduler.py::TestZona::test_zona_devuelve_tz_o_none PASSED   [ 78%]
tests/test_scheduler.py::TestProximoDisparo::test_devuelve_float_no_negativo_y_acotado PASSED [ 78%]
tests/test_scheduler.py::TestProximoDisparo::test_respeta_hora_configurada PASSED [ 79%]
tests/test_scraper_resultados.py::TestGenerarConclusion::test_empate PASSED [ 79%]
tests/test_scraper_resultados.py::TestGenerarConclusion::test_fuentes_web PASSED [ 79%]
tests/test_scraper_resultados.py::TestGenerarConclusion::test_goles_tarjetas_expulsiones PASSED [ 79%]
tests/test_scraper_resultados.py::TestGenerarConclusion::test_victoria_local PASSED [ 79%]
tests/test_scraper_resultados.py::TestGenerarConclusion::test_victoria_visitante PASSED [ 79%]
tests/test_scraper_resultados.py::TestGetPost::test_get_200_devuelve_json PASSED [ 79%]
tests/test_scraper_resultados.py::TestGetPost::test_get_no_200_devuelve_none PASSED [ 80%]
tests/test_scraper_resultados.py::TestGetPost::test_get_sin_requests_devuelve_none PASSED [ 80%]
tests/test_scraper_resultados.py::TestGetPost::test_post_200_devuelve_texto PASSED [ 80%]
tests/test_scraper_resultados.py::TestObtenerPartidosEspn::test_ignora_no_finalizados PASSED [ 80%]
tests/test_scraper_resultados.py::TestObtenerPartidosEspn::test_parsea_partido_finalizado PASSED [ 80%]
tests/test_scraper_resultados.py::TestObtenerPartidosEspn::test_sin_datos_devuelve_vacio PASSED [ 80%]
tests/test_scraper_resultados.py::TestGuardarCargar::test_cargar_sin_archivo_devuelve_vacio PASSED [ 80%]
tests/test_scraper_resultados.py::TestGuardarCargar::test_roundtrip_guardar_cargar PASSED [ 81%]
tests/test_seguimiento_jornada.py::TestFmtCuando::test_formatea_dia_hora PASSED [ 81%]
tests/test_seguimiento_jornada.py::TestFmtCuando::test_invalido_vacio PASSED [ 81%]
tests/test_seguimiento_jornada.py::TestVeredicto::test_confirma_xi_completo PASSED [ 81%]
tests/test_seguimiento_jornada.py::TestVeredicto::test_descarta_xi_mermado PASSED [ 81%]
tests/test_seguimiento_jornada.py::TestVeredicto::test_duda_intermedio PASSED [ 81%]
tests/test_seguimiento_jornada.py::TestVeredicto::test_frontera_confirma PASSED [ 82%]
tests/test_seguimiento_jornada.py::TestVeredicto::test_frontera_descarta PASSED [ 82%]
tests/test_seguimiento_jornada.py::TestVeredicto::test_pendiente_sin_xi PASSED [ 82%]
tests/test_seguimiento_jornada.py::TestVeredicto::test_umbrales_cautelosos_frontera PASSED [ 82%]
tests/test_seguimiento_jornada.py::TestListaSeguimiento::test_ordena_por_hora PASSED [ 82%]
tests/test_seguimiento_jornada.py::TestListaSeguimiento::test_respeta_n PASSED [ 82%]
tests/test_seguimiento_jornada.py::TestListaSeguimiento::test_veredicto_por_fuerza_xi PASSED [ 82%]
tests/test_seguimiento_jornada.py::TestRenderDecisivo::test_encabezado_da_el_pick PASSED [ 83%]
tests/test_seguimiento_jornada.py::TestAlternativaConRespaldo::test_pick_tardio_sugiere_alternativa_temprana PASSED [ 83%]
tests/test_seguimiento_jornada.py::TestAlternativaConRespaldo::test_pick_temprano_no_sugiere PASSED [ 83%]
tests/test_simulador_survivor.py::TestHelpers::test_agrupar_jornadas_ordenadas PASSED [ 83%]
tests/test_simulador_survivor.py::TestHelpers::test_semana_iso PASSED    [ 83%]
tests/test_simulador_survivor.py::TestHelpers::test_sobrevive_local_y_visita PASSED [ 83%]
tests/test_simulador_survivor.py::TestSimulacion::test_datos_insuficientes_no_juega PASSED [ 83%]
tests/test_simulador_survivor.py::TestSimulacion::test_estructura_y_juega PASSED [ 84%]
tests/test_simulador_survivor.py::TestSimulacion::test_no_repite_equipos PASSED [ 84%]
tests/test_tabla_posiciones.py::TestParseo::test_ordena_por_posicion PASSED [ 84%]
tests/test_tabla_posiciones.py::TestParseo::test_parsea_torneo_y_tabla PASSED [ 84%]
tests/test_tabla_posiciones.py::TestParseo::test_payload_vacio_no_rompe PASSED [ 84%]
tests/test_tabla_posiciones.py::TestMotivacion::test_fondo_eliminado_es_baja PASSED [ 84%]
tests/test_tabla_posiciones.py::TestMotivacion::test_lider_asegurado_es_media PASSED [ 84%]
tests/test_tabla_posiciones.py::TestMotivacion::test_motivacion_de_por_nombre PASSED [ 85%]
tests/test_tabla_posiciones.py::TestMotivacion::test_temporada_no_iniciada_es_na PASSED [ 85%]
tests/test_tabla_posiciones.py::TestMotivacion::test_zona_corte_pelea_alta PASSED [ 85%]
tests/test_tabla_posiciones.py::TestMotivacion::test_zonas_directo_playin_fuera PASSED [ 85%]
tests/test_tabla_posiciones.py::TestFallbackLigaMX::test_propaga_error_si_ambas_fallan PASSED [ 85%]
tests/test_tabla_posiciones.py::TestFallbackLigaMX::test_usa_ligamx_si_espn_falla PASSED [ 85%]
tests/test_team_normalizer.py::TeamNormalizerTests::test_canonical_team_key_maps_common_aliases 
tests/test_team_normalizer.py::TeamNormalizerTests::test_canonical_team_key_maps_common_aliases PASSED [ 85%]
tests/test_team_normalizer.py::TeamNormalizerTests::test_clean_team_name_removes_punctuation_and_accents PASSED [ 86%]
tests/test_team_normalizer.py::TeamNormalizerTests::test_display_team_name_uses_visible_canonical_names PASSED [ 86%]
tests/test_team_normalizer.py::TeamNormalizerTests::test_strip_accents_preserves_base_text PASSED [ 86%]
tests/test_team_normalizer.py::TeamNormalizerTests::test_teams_do_not_match_unrelated_clubs PASSED [ 86%]
tests/test_team_normalizer.py::TeamNormalizerTests::test_teams_match_by_aliases 
tests/test_team_normalizer.py::TeamNormalizerTests::test_teams_match_by_aliases PASSED [ 86%]
tests/test_telegram_delivery_v2.py::test_lease_activo_bloquea_reclamo_duplicado PASSED [ 86%]
tests/test_telegram_delivery_v2.py::test_lease_abandonado_se_recupera_una_sola_vez PASSED [ 86%]
tests/test_telegram_delivery_v2.py::test_webhook_repetido_no_encola_dos_tareas PASSED [ 87%]
tests/test_telegram_delivery_v2.py::test_ack_fallido_de_comando_pesado_es_reintentable PASSED [ 87%]
tests/test_telegram_delivery_v2.py::test_reintento_multipart_no_reenvia_parte_exitosa PASSED [ 87%]
tests/test_telegram_delivery_v2.py::test_recordatorio_programado_usa_clave_determinista PASSED [ 87%]
tests/test_telegram_formato.py::TestPct::test_no_numerico_devuelve_str PASSED [ 87%]
tests/test_telegram_formato.py::TestPct::test_redondeo_sin_decimales PASSED [ 87%]
tests/test_telegram_formato.py::TestNormSimple::test_none_vacio PASSED   [ 87%]
tests/test_telegram_formato.py::TestNormSimple::test_normaliza_espacios_y_case PASSED [ 88%]
tests/test_telegram_formato.py::TestMarcadorAFavor::test_invalido_devuelve_original PASSED [ 88%]
tests/test_telegram_formato.py::TestMarcadorAFavor::test_local_mantiene_orden PASSED [ 88%]
tests/test_telegram_formato.py::TestMarcadorAFavor::test_visitante_invierte PASSED [ 88%]
tests/test_telegram_formato.py::TestDividirMensaje::test_corto_sin_cortar PASSED [ 88%]
tests/test_telegram_formato.py::TestDividirMensaje::test_largo_corta_en_saltos_de_linea PASSED [ 88%]
tests/test_telegram_formato.py::TestDividirMensaje::test_linea_larga_corte_duro PASSED [ 88%]
tests/test_telegram_formato.py::TestTotalesJornada::test_con_datos_agrega PASSED [ 89%]
tests/test_telegram_formato.py::TestTotalesJornada::test_vacio_ceros PASSED [ 89%]
tests/test_telegram_formato.py::TestFechaMx::test_invalida_fallback PASSED [ 89%]
tests/test_telegram_formato.py::TestFechaMx::test_iso_valida_no_vacia PASSED [ 89%]
tests/test_telegram_formato.py::TestCercaDeJornada::test_fecha_malformada_se_ignora PASSED [ 89%]
tests/test_telegram_formato.py::TestCercaDeJornada::test_muy_lejos_false PASSED [ 89%]
tests/test_telegram_formato.py::TestCercaDeJornada::test_vacio_false PASSED [ 89%]
tests/test_telegram_formato.py::TestLineaGoles::test_over_con_marcador PASSED [ 90%]
tests/test_telegram_formato.py::TestLineaGoles::test_sin_datos_vacio PASSED [ 90%]
tests/test_telegram_formato.py::TestLineaGoles::test_under_usa_complemento PASSED [ 90%]
tests/test_telegram_idempotency.py::test_update_duplicado_se_procesa_una_sola_vez_y_persiste PASSED [ 90%]
tests/test_telegram_idempotency.py::test_update_fallido_puede_reintentarse PASSED [ 90%]
tests/test_telegram_idempotency.py::test_entrega_por_partes_omite_las_ya_enviadas PASSED [ 90%]
tests/test_telegram_multipart.py::test_dividir_mensaje_dentro_del_limite_no_modifica_contenido PASSED [ 91%]
tests/test_telegram_multipart.py::test_dividir_mensaje_largo_respeta_limite_orden_y_contenido PASSED [ 91%]
tests/test_telegram_multipart.py::test_dividir_linea_individual_extremadamente_larga PASSED [ 91%]
tests/test_telegram_multipart.py::test_fallo_de_una_parte_no_impide_intentar_las_siguientes PASSED [ 91%]
tests/test_telegram_multipart.py::test_idempotencia_es_independiente_distinta_y_estable_por_parte PASSED [ 91%]
tests/test_telegram_notifier.py::TestNotifyPredicciones::test_con_pronosticos_usa_entrega_comun_idempotente PASSED [ 91%]
tests/test_telegram_notifier.py::TestNotifyPredicciones::test_formato_invalido_no_envia PASSED [ 91%]
tests/test_telegram_notifier.py::TestNotifyPredicciones::test_mismo_lote_genera_la_misma_llave PASSED [ 92%]
tests/test_telegram_notifier.py::TestNotifyPredicciones::test_rechazo_de_entrega_se_reporta_como_fallo PASSED [ 92%]
tests/test_telegram_notifier.py::TestNotifyPredicciones::test_sin_credenciales_no_envia PASSED [ 92%]
tests/test_telegram_notifier.py::TestNotifyPredicciones::test_sin_pronosticos_no_envia PASSED [ 92%]
tests/test_telegram_notifier.py::TestNotifyPredicciones::test_timeout_no_expone_el_token PASSED [ 92%]
tests/test_telegram_pronosticos.py::TestConstruirMensaje::test_incluye_contexto_api_si_se_pasa PASSED [ 92%]
tests/test_telegram_pronosticos.py::TestConstruirMensaje::test_incluye_disclaimer PASSED [ 92%]
tests/test_telegram_pronosticos.py::TestConstruirMensaje::test_incluye_partido_y_survivor PASSED [ 93%]
tests/test_telegram_pronosticos.py::TestConstruirMensaje::test_no_recomienda_apostar_ni_ev_falso PASSED [ 93%]
tests/test_telegram_pronosticos.py::TestConstruirMensaje::test_sin_pronosticos PASSED [ 93%]
tests/test_telegram_pronosticos.py::TestEnviar::test_envia_con_credenciales PASSED [ 93%]
tests/test_telegram_pronosticos.py::TestEnviar::test_enviar_pronosticos_flujo PASSED [ 93%]
tests/test_telegram_pronosticos.py::TestEnviar::test_enviar_pronosticos_pick_viene_del_plan PASSED [ 93%]
tests/test_telegram_pronosticos.py::TestEnviar::test_sin_credenciales_no_envia PASSED [ 93%]
tests/test_telegram_pronosticos.py::TestHelpersPlanReal::test_historial_usa_clave_unica_por_torneo PASSED [ 94%]
tests/test_telegram_pronosticos.py::TestHelpersPlanReal::test_jornada_actual_num_usa_calendario_real PASSED [ 94%]
tests/test_telegram_pronosticos.py::TestHelpersPlanReal::test_plan_no_reabre_jornadas_al_finalizar_temporada PASSED [ 94%]
tests/test_telegram_pronosticos.py::TestHelpersPlanReal::test_plan_no_repite_descarga_si_el_motor_dejo_cache_vacio PASSED [ 94%]
tests/test_telegram_pronosticos.py::TestHelpersPlanReal::test_plan_temporada_usa_api_real_del_planificador PASSED [ 94%]
tests/test_telegram_pronosticos.py::TestNivelRiesgoYPlan::test_enviar_plan_sin_calendario PASSED [ 94%]
tests/test_telegram_pronosticos.py::TestFormatoMovil::test_fecha_mx_convierte_y_fallback PASSED [ 94%]
tests/test_telegram_pronosticos.py::TestFormatoMovil::test_pct_sin_decimales PASSED [ 95%]
tests/test_telegram_pronosticos.py::TestDividirMensaje::test_enviar_mensaje_largo_manda_varios PASSED [ 95%]
tests/test_telegram_webhook.py::TestParsearComando::test_comando_con_arg PASSED [ 95%]
tests/test_telegram_webhook.py::TestParsearComando::test_comando_sin_arg PASSED [ 95%]
tests/test_telegram_webhook.py::TestParsearComando::test_picks_y_pick_disparan_pronostico PASSED [ 95%]
tests/test_telegram_webhook.py::TestParsearComando::test_sufijo_bot_y_mayusculas PASSED [ 95%]
tests/test_telegram_webhook.py::TestParsearComando::test_texto_normal_no_es_comando PASSED [ 95%]
tests/test_telegram_webhook.py::TestExtraerMensaje::test_edited_message PASSED [ 96%]
tests/test_telegram_webhook.py::TestExtraerMensaje::test_message PASSED  [ 96%]
tests/test_telegram_webhook.py::TestExtraerMensaje::test_sin_texto PASSED [ 96%]
tests/test_telegram_webhook.py::TestResponder::test_ayuda PASSED         [ 96%]
tests/test_telegram_webhook.py::TestResponder::test_desconocido PASSED   [ 96%]
tests/test_telegram_webhook.py::TestResponder::test_quitar PASSED        [ 96%]
tests/test_telegram_webhook.py::TestResponder::test_reset PASSED         [ 96%]
tests/test_telegram_webhook.py::TestResponder::test_usado_agrega PASSED  [ 97%]
tests/test_telegram_webhook.py::TestResponder::test_usado_sin_arg PASSED [ 97%]
tests/test_telegram_webhook.py::TestResponder::test_usado_ya_estaba PASSED [ 97%]
tests/test_telegram_webhook.py::TestResponder::test_usados_lista PASSED  [ 97%]
tests/test_tendencias_torneo.py::test_metricas_ventanas_y_condicion PASSED [ 97%]
tests/test_tendencias_torneo.py::test_detecta_sorpresa_ataque_y_favorito_en_baja PASSED [ 97%]
tests/test_tendencias_torneo.py::test_arranque_regulariza_y_limita_la_senal PASSED [ 97%]
tests/test_tendencias_torneo.py::test_ajuste_1x2_renormaliza_y_es_pequeno PASSED [ 98%]
tests/test_tendencias_torneo.py::test_ajustar_fuerzas_no_muta_el_original PASSED [ 98%]
tests/test_tendencias_torneo.py::test_fuente_ligamx_api_usa_temporada_actual PASSED [ 98%]
tests/test_tendencias_torneo.py::test_fallback_filtra_resultados_anteriores_al_torneo PASSED [ 98%]
tests/test_tendencias_torneo.py::test_sin_red_devuelve_lista_vacia PASSED [ 98%]
tests/test_tuning_modelo.py::TestTuning::test_brier_conjunto_devuelve_valor PASSED [ 98%]
tests/test_tuning_modelo.py::TestTuning::test_datos_insuficientes PASSED [ 98%]
tests/test_tuning_modelo.py::TestTuning::test_estructura PASSED          [ 99%]
tests/test_validacion_modelo.py::TestResultado1x2::test_empate PASSED    [ 99%]
tests/test_validacion_modelo.py::TestResultado1x2::test_local PASSED     [ 99%]
tests/test_validacion_modelo.py::TestResultado1x2::test_visita PASSED    [ 99%]
tests/test_validacion_modelo.py::TestEvaluarModelo::test_datos_insuficientes PASSED [ 99%]
tests/test_validacion_modelo.py::TestEvaluarModelo::test_evalua_y_reporta_metricas PASSED [ 99%]
tests/test_validacion_modelo.py::TestEvaluarModelo::test_no_entrena_con_futuro PASSED [100%]

============= 689 passed, 14 subtests passed in 159.49s (0:02:39) ==============
